<?xml version="1.0" encoding="UTF-8"?>
<testsuite xmlns:xsi="http://www.w3.org/2001/XMLSchema-instance" xsi:noNamespaceSchemaLocation="https://maven.apache.org/surefire/maven-surefire-plugin/xsd/surefire-test-report-3.0.xsd" version="3.0" name="TestSuite" time="114.062" tests="4" errors="0" skipped="0" failures="0">
  <properties>
[...]
</properties>
  <testcase name="home_HeaderOptionsTest[{Layout Name=, Username=, URL=https://www.entrata.com/, Password=, Test Case ID=TC_01}](1)" classname="com.entrata.testcases.Home_HeaderOptionsTest" time="30.317">
    <system-out><![CDATA[All Home Page Headers Validation Passed
**********  home_HeaderOptionsTest  _Get Passed  ***********************
]]></system-out>
    <system-err><![CDATA[log4j:WARN No appenders could be found for logger (org.testng.TestNG).
log4j:WARN Please initialize the log4j system properly.
log4j:WARN See http://logging.apache.org/log4j/1.2/faq.html#noconfig for more info.
Feb 27, 2024 2:01:16 PM org.openqa.selenium.devtools.CdpVersionFinder findNearestMatch
WARNING: Unable to find CDP implementation matching 121
Feb 27, 2024 2:01:16 PM org.openqa.selenium.chromium.ChromiumDriver lambda$new$5
WARNING: Unable to find version of CDP to use for 121.0.6167.189. You may need to include a dependency on a specific version of the CDP using something similar to `org.seleniumhq.selenium:selenium-devtools-v86:4.12.1` where the version ("v86") matches the version of the chromium-based browser you're using and the version number of the artifact is the same as Selenium's.
]]></system-err>
  </testcase>
  <testcase name="signInPageFooterTest[{Layout Name=, Username=, URL=https://www.entrata.com/, Password=, Test Case ID=TC_01}](1)" classname="com.entrata.testcases.SignInPageFooterTest" time="21.195">
    <system-out><![CDATA[Lead Extracted
Lead Extracted
Lead Extracted
All Footer Links Validation Passed
**********  signInPageFooterTest  _Get Passed  ***********************
]]></system-out>
    <system-err><![CDATA[Feb 27, 2024 2:01:46 PM org.openqa.selenium.devtools.CdpVersionFinder findNearestMatch
WARNING: Unable to find CDP implementation matching 121
Feb 27, 2024 2:01:46 PM org.openqa.selenium.chromium.ChromiumDriver lambda$new$5
WARNING: Unable to find version of CDP to use for 121.0.6167.189. You may need to include a dependency on a specific version of the CDP using something similar to `org.seleniumhq.selenium:selenium-devtools-v86:4.12.1` where the version ("v86") matches the version of the chromium-based browser you're using and the version number of the artifact is the same as Selenium's.
]]></system-err>
  </testcase>
  <testcase name="baseCampTest[{URL=https://www.entrata.com/, Mobile=7.765454434E9, FirstName=Test, Title=EntrataTest, LastName=Automation, Test Case ID=TC_01, Email=test@gmail.com, Company=TestABC}](1)" classname="com.entrata.testcases.BaseCampTest" time="35.536">
    <system-out><![CDATA[Swiched to parent window Property Management Software | Entrata with ID 20239F43CD14B5EA86672308EFC352B3
**********  baseCampTest  _Get Passed  ***********************
]]></system-out>
    <system-err><![CDATA[Feb 27, 2024 2:02:08 PM org.openqa.selenium.devtools.CdpVersionFinder findNearestMatch
WARNING: Unable to find CDP implementation matching 121
Feb 27, 2024 2:02:08 PM org.openqa.selenium.chromium.ChromiumDriver lambda$new$5
WARNING: Unable to find version of CDP to use for 121.0.6167.189. You may need to include a dependency on a specific version of the CDP using something similar to `org.seleniumhq.selenium:selenium-devtools-v86:4.12.1` where the version ("v86") matches the version of the chromium-based browser you're using and the version number of the artifact is the same as Selenium's.
]]></system-err>
  </testcase>
  <testcase name="emptyFormSubmittionTest[{URL=https://www.entrata.com/, Test Case ID=TC_01}](1)" classname="com.entrata.testcases.EmptyFormSubmittionTest" time="21.019">
    <system-out><![CDATA[**********  emptyFormSubmittionTest  _Get Passed  ***********************
]]></system-out>
    <system-err><![CDATA[Feb 27, 2024 2:02:45 PM org.openqa.selenium.devtools.CdpVersionFinder findNearestMatch
WARNING: Unable to find CDP implementation matching 121
Feb 27, 2024 2:02:45 PM org.openqa.selenium.chromium.ChromiumDriver lambda$new$5
WARNING: Unable to find version of CDP to use for 121.0.6167.189. You may need to include a dependency on a specific version of the CDP using something similar to `org.seleniumhq.selenium:selenium-devtools-v86:4.12.1` where the version ("v86") matches the version of the chromium-based browser you're using and the version number of the artifact is the same as Selenium's.
]]></system-err>
  </testcase>
</testsuite>