<?xml version="1.0" encoding="UTF-8"?>
<!-- Generated by org.testng.reporters.JUnitXMLReporter -->
<testsuite ignored="0" hostname="PushkarM" failures="0" tests="1" name="DataNext Test Cases" time="0.064" errors="0" timestamp="2024-02-27T09:09:38 IST">
  <testcase classname="com.entrata.base.TestBase" name="@AfterMethod tearDown" time="0.002">
    <failure type="java.lang.NullPointerException" message="Cannot invoke &amp;quot;org.openqa.selenium.WebDriver.quit()&amp;quot; because &amp;quot;com.entrata.base.TestBase.driver&amp;quot; is null">
      <![CDATA[java.lang.NullPointerException: Cannot invoke "org.openqa.selenium.WebDriver.quit()" because "com.entrata.base.TestBase.driver" is null
at com.entrata.base.TestBase.tearDown(TestBase.java:138)
at java.base/java.util.ArrayList.forEach(ArrayList.java:1511)
... Removed 30 stack frames]]>
    </failure>
  </testcase> <!-- @AfterMethod tearDown -->
  <testcase classname="com.entrata.testcases.LiabilityFlow_CreateLeadTest" name="liabilityFlow_CreateLeadTest" time="0.014">
    <skipped/>
  </testcase> <!-- liabilityFlow_CreateLeadTest -->
</testsuite> <!-- DataNext Test Cases -->
