<?xml version="1.0" encoding="UTF-8"?>
<testng-results ignored="0" total="4" passed="4" failed="0" skipped="0">
  <reporter-output>
  </reporter-output>
  <suite started-at="2024-02-27T12:35:43 IST" name="Data Driven Basics" finished-at="2024-02-27T12:37:56 IST" duration-ms="133731">
    <groups>
    </groups>
    <test started-at="2024-02-27T12:35:43 IST" name="Home page headers validation Test Cases" finished-at="2024-02-27T12:36:25 IST" duration-ms="42528">
      <class name="com.entrata.testcases.Home_HeaderOptionsTest">
        <test-method signature="home_HeaderOptionsTest(java.util.Hashtable)[pri:0, instance:com.entrata.testcases.Home_HeaderOptionsTest@37d00a23]" started-at="2024-02-27T12:35:43 IST" name="home_HeaderOptionsTest" description="Verify Home Page Header Options" data-provider="dp" finished-at="2024-02-27T12:36:09 IST" duration-ms="26480" status="PASS">
          <params>
            <param index="0">
              <value>
                <![CDATA[{Layout Name=, Username=, URL=https://www.entrata.com/, Password=, Test Case ID=TC_01}]]>
              </value>
            </param>
          </params>
          <reporter-output>
          </reporter-output>
        </test-method> <!-- home_HeaderOptionsTest -->
        <test-method is-config="true" signature="tearDown()[pri:0, instance:com.entrata.testcases.Home_HeaderOptionsTest@37d00a23]" started-at="2024-02-27T12:36:25 IST" name="tearDown" finished-at="2024-02-27T12:36:25 IST" duration-ms="320" status="PASS">
          <reporter-output>
          </reporter-output>
        </test-method> <!-- tearDown -->
      </class> <!-- com.entrata.testcases.Home_HeaderOptionsTest -->
    </test> <!-- Home page headers validation Test Cases -->
    <test started-at="2024-02-27T12:36:26 IST" name="Sign In Page Footer Links Validation Test" finished-at="2024-02-27T12:36:48 IST" duration-ms="22470">
      <class name="com.entrata.testcases.SignInPageFooterTest">
        <test-method signature="signInPageFooterTest(java.util.Hashtable)[pri:0, instance:com.entrata.testcases.SignInPageFooterTest@5eccd3b9]" started-at="2024-02-27T12:36:26 IST" name="signInPageFooterTest" description="Verify Sigh In Footer Links are Working Fine" data-provider="dp" finished-at="2024-02-27T12:36:44 IST" duration-ms="18353" status="PASS">
          <params>
            <param index="0">
              <value>
                <![CDATA[{Layout Name=, Username=, URL=https://www.entrata.com/, Password=, Test Case ID=TC_01}]]>
              </value>
            </param>
          </params>
          <reporter-output>
          </reporter-output>
        </test-method> <!-- signInPageFooterTest -->
        <test-method is-config="true" signature="tearDown()[pri:0, instance:com.entrata.testcases.SignInPageFooterTest@5eccd3b9]" started-at="2024-02-27T12:36:48 IST" name="tearDown" finished-at="2024-02-27T12:36:48 IST" duration-ms="317" status="PASS">
          <reporter-output>
          </reporter-output>
        </test-method> <!-- tearDown -->
      </class> <!-- com.entrata.testcases.SignInPageFooterTest -->
    </test> <!-- Sign In Page Footer Links Validation Test -->
    <test started-at="2024-02-27T12:36:48 IST" name="Base Camp Regristrastion Page Validation Test" finished-at="2024-02-27T12:37:33 IST" duration-ms="44309">
      <class name="com.entrata.testcases.BaseCampTest">
        <test-method signature="baseCampTest(java.util.Hashtable)[pri:0, instance:com.entrata.testcases.BaseCampTest@7ed9ae94]" started-at="2024-02-27T12:36:48 IST" name="baseCampTest" description="Verify Registration Page Fields and nevagition" data-provider="dp" finished-at="2024-02-27T12:37:17 IST" duration-ms="28813" status="PASS">
          <params>
            <param index="0">
              <value>
                <![CDATA[{URL=https://www.entrata.com/, Mobile=7.765454434E9, FirstName=Test, Title=EntrataTest, LastName=Automation, Test Case ID=TC_01, Email=test@gmail.com, Company=TestABC}]]>
              </value>
            </param>
          </params>
          <reporter-output>
          </reporter-output>
        </test-method> <!-- baseCampTest -->
        <test-method is-config="true" signature="tearDown()[pri:0, instance:com.entrata.testcases.BaseCampTest@7ed9ae94]" started-at="2024-02-27T12:37:32 IST" name="tearDown" finished-at="2024-02-27T12:37:33 IST" duration-ms="306" status="PASS">
          <reporter-output>
          </reporter-output>
        </test-method> <!-- tearDown -->
      </class> <!-- com.entrata.testcases.BaseCampTest -->
    </test> <!-- Base Camp Regristrastion Page Validation Test -->
    <test started-at="2024-02-27T12:37:33 IST" name="Empty Form Submition Validation Test" finished-at="2024-02-27T12:37:56 IST" duration-ms="23768">
      <class name="com.entrata.testcases.EmptyFormSubmittionTest">
        <test-method signature="emptyFormSubmittionTest(java.util.Hashtable)[pri:0, instance:com.entrata.testcases.EmptyFormSubmittionTest@4b6ac111]" started-at="2024-02-27T12:37:33 IST" name="emptyFormSubmittionTest" description="Verify Empty Form Submittion Throws Error" data-provider="dp" finished-at="2024-02-27T12:37:52 IST" duration-ms="19505" status="PASS">
          <params>
            <param index="0">
              <value>
                <![CDATA[{URL=https://www.entrata.com/, Test Case ID=TC_01}]]>
              </value>
            </param>
          </params>
          <reporter-output>
          </reporter-output>
        </test-method> <!-- emptyFormSubmittionTest -->
        <test-method is-config="true" signature="tearDown()[pri:0, instance:com.entrata.testcases.EmptyFormSubmittionTest@4b6ac111]" started-at="2024-02-27T12:37:56 IST" name="tearDown" finished-at="2024-02-27T12:37:56 IST" duration-ms="376" status="PASS">
          <reporter-output>
          </reporter-output>
        </test-method> <!-- tearDown -->
      </class> <!-- com.entrata.testcases.EmptyFormSubmittionTest -->
    </test> <!-- Empty Form Submition Validation Test -->
  </suite> <!-- Data Driven Basics -->
</testng-results>
